[33mWARNING[0m:  [01-03-2025 21:55:53] chroma_server_nofile is set to 65535, but this is less than current soft limit of 1048575. chroma_server_nofile will not be set.
[32mINFO[0m:     [01-03-2025 21:55:53] Anonymized telemetry enabled. See                     https://docs.trychroma.com/telemetry for more information.
[36mDEBUG[0m:    [01-03-2025 21:55:53] Starting component System
[36mDEBUG[0m:    [01-03-2025 21:55:53] Starting component OpenTelemetryClient
[36mDEBUG[0m:    [01-03-2025 21:55:53] Starting component SqliteDB
[33mWARNING[0m:  [01-03-2025 21:55:53] ⚠️ It looks like you upgraded from a version below 0.5.6 and could benefit from vacuuming your database. Run chromadb utils vacuum --help for more information.
[36mDEBUG[0m:    [01-03-2025 21:55:53] Starting component SimpleQuotaEnforcer
[36mDEBUG[0m:    [01-03-2025 21:55:53] Starting component Posthog
[36mDEBUG[0m:    [01-03-2025 21:55:53] Starting component SimpleRateLimitEnforcer
[36mDEBUG[0m:    [01-03-2025 21:55:53] Starting component LocalSegmentManager
[36mDEBUG[0m:    [01-03-2025 21:55:53] Starting component LocalExecutor
[36mDEBUG[0m:    [01-03-2025 21:55:53] Starting component SegmentAPI
[36mDEBUG[0m:    [01-03-2025 21:55:53] Starting component SimpleAsyncRateLimitEnforcer
[32mINFO[0m:     [01-03-2025 21:55:53] Started server process [[36m29424[0m]
[32mINFO[0m:     [01-03-2025 21:55:53] Waiting for application startup.
[32mINFO[0m:     [01-03-2025 21:55:53] Application startup complete.
[32mINFO[0m:     [01-03-2025 21:55:53] Uvicorn running on [1mhttp://localhost:8000[0m (Press CTRL+C to quit)
[32mINFO[0m:     [01-03-2025 21:57:02] ::1:56345 - "GET /api/v1/heartbeat HTTP/1.1" 200
[32mINFO[0m:     [01-03-2025 21:58:54] ::1:56372 - "GET /api/v1/tenants HTTP/1.1" 405
[32mINFO[0m:     [01-03-2025 21:58:59] ::1:56373 - "GET /api/v1/collections HTTP/1.1" 400
[31mERROR[0m:    [01-03-2025 21:58:59] Exception in ASGI application
Traceback (most recent call last):
  File "/Users/jesse/x/ai-mentor-lab/.venv/lib/python3.13/site-packages/anyio/streams/memory.py", line 111, in receive
    return self.receive_nowait()
           ~~~~~~~~~~~~~~~~~~~^^
  File "/Users/jesse/x/ai-mentor-lab/.venv/lib/python3.13/site-packages/anyio/streams/memory.py", line 106, in receive_nowait
    raise WouldBlock
anyio.WouldBlock

During handling of the above exception, another exception occurred:

Traceback (most recent call last):
  File "/Users/jesse/x/ai-mentor-lab/.venv/lib/python3.13/site-packages/anyio/streams/memory.py", line 124, in receive
    return receiver.item
           ^^^^^^^^^^^^^
AttributeError: 'MemoryObjectItemReceiver' object has no attribute 'item'

During handling of the above exception, another exception occurred:

Traceback (most recent call last):
  File "/Users/jesse/x/ai-mentor-lab/.venv/lib/python3.13/site-packages/starlette/middleware/base.py", line 147, in call_next
    message = await recv_stream.receive()
              ^^^^^^^^^^^^^^^^^^^^^^^^^^^
  File "/Users/jesse/x/ai-mentor-lab/.venv/lib/python3.13/site-packages/anyio/streams/memory.py", line 126, in receive
    raise EndOfStream
anyio.EndOfStream

During handling of the above exception, another exception occurred:

Traceback (most recent call last):
  File "/Users/jesse/x/ai-mentor-lab/.venv/lib/python3.13/site-packages/uvicorn/protocols/http/httptools_impl.py", line 409, in run_asgi
    result = await app(  # type: ignore[func-returns-value]
             ^^^^^^^^^^^^^^^^^^^^^^^^^^^^^^^^^^^^^^^^^^^^^^
        self.scope, self.receive, self.send
        ^^^^^^^^^^^^^^^^^^^^^^^^^^^^^^^^^^^
    )
    ^
  File "/Users/jesse/x/ai-mentor-lab/.venv/lib/python3.13/site-packages/uvicorn/middleware/proxy_headers.py", line 60, in __call__
    return await self.app(scope, receive, send)
           ^^^^^^^^^^^^^^^^^^^^^^^^^^^^^^^^^^^^
  File "/Users/jesse/x/ai-mentor-lab/.venv/lib/python3.13/site-packages/fastapi/applications.py", line 1054, in __call__
    await super().__call__(scope, receive, send)
  File "/Users/jesse/x/ai-mentor-lab/.venv/lib/python3.13/site-packages/starlette/applications.py", line 112, in __call__
    await self.middleware_stack(scope, receive, send)
  File "/Users/jesse/x/ai-mentor-lab/.venv/lib/python3.13/site-packages/starlette/middleware/errors.py", line 187, in __call__
    raise exc
  File "/Users/jesse/x/ai-mentor-lab/.venv/lib/python3.13/site-packages/starlette/middleware/errors.py", line 165, in __call__
    await self.app(scope, receive, _send)
  File "/Users/jesse/x/ai-mentor-lab/.venv/lib/python3.13/site-packages/opentelemetry/instrumentation/asgi/__init__.py", line 743, in __call__
    await self.app(scope, otel_receive, otel_send)
  File "/Users/jesse/x/ai-mentor-lab/.venv/lib/python3.13/site-packages/starlette/middleware/cors.py", line 85, in __call__
    await self.app(scope, receive, send)
  File "/Users/jesse/x/ai-mentor-lab/.venv/lib/python3.13/site-packages/starlette/middleware/base.py", line 181, in __call__
    raise app_exc
  File "/Users/jesse/x/ai-mentor-lab/.venv/lib/python3.13/site-packages/starlette/middleware/base.py", line 140, in coro
    await self.app(scope, receive_or_disconnect, send_no_error)
  File "/Users/jesse/x/ai-mentor-lab/.venv/lib/python3.13/site-packages/starlette/middleware/base.py", line 181, in __call__
    raise app_exc
  File "/Users/jesse/x/ai-mentor-lab/.venv/lib/python3.13/site-packages/chromadb/server/fastapi/__init__.py", line 120, in catch_exceptions_middleware
    return await call_next(request)
           ^^^^^^^^^^^^^^^^^^^^^^^^
  File "/Users/jesse/x/ai-mentor-lab/.venv/lib/python3.13/site-packages/starlette/middleware/base.py", line 153, in call_next
    raise app_exc
  File "/Users/jesse/x/ai-mentor-lab/.venv/lib/python3.13/site-packages/starlette/middleware/base.py", line 140, in coro
    await self.app(scope, receive_or_disconnect, send_no_error)
  File "/Users/jesse/x/ai-mentor-lab/.venv/lib/python3.13/site-packages/starlette/middleware/base.py", line 173, in __call__
    with recv_stream, send_stream, collapse_excgroups():
                                   ~~~~~~~~~~~~~~~~~~^^
  File "/opt/homebrew/Cellar/python@3.13/3.13.1/Frameworks/Python.framework/Versions/3.13/lib/python3.13/contextlib.py", line 162, in __exit__
    self.gen.throw(value)
    ~~~~~~~~~~~~~~^^^^^^^
  File "/Users/jesse/x/ai-mentor-lab/.venv/lib/python3.13/site-packages/starlette/_utils.py", line 82, in collapse_excgroups
    raise exc
  File "/Users/jesse/x/ai-mentor-lab/.venv/lib/python3.13/site-packages/starlette/middleware/base.py", line 175, in __call__
    response = await self.dispatch_func(request, call_next)
               ^^^^^^^^^^^^^^^^^^^^^^^^^^^^^^^^^^^^^^^^^^^^
  File "/Users/jesse/x/ai-mentor-lab/.venv/lib/python3.13/site-packages/chromadb/server/fastapi/__init__.py", line 144, in check_http_version_middleware
    return await call_next(request)
           ^^^^^^^^^^^^^^^^^^^^^^^^
  File "/Users/jesse/x/ai-mentor-lab/.venv/lib/python3.13/site-packages/starlette/middleware/base.py", line 153, in call_next
    raise app_exc
  File "/Users/jesse/x/ai-mentor-lab/.venv/lib/python3.13/site-packages/starlette/middleware/base.py", line 140, in coro
    await self.app(scope, receive_or_disconnect, send_no_error)
  File "/Users/jesse/x/ai-mentor-lab/.venv/lib/python3.13/site-packages/starlette/middleware/exceptions.py", line 62, in __call__
    await wrap_app_handling_exceptions(self.app, conn)(scope, receive, send)
  File "/Users/jesse/x/ai-mentor-lab/.venv/lib/python3.13/site-packages/starlette/_exception_handler.py", line 53, in wrapped_app
    raise exc
  File "/Users/jesse/x/ai-mentor-lab/.venv/lib/python3.13/site-packages/starlette/_exception_handler.py", line 42, in wrapped_app
    await app(scope, receive, sender)
  File "/Users/jesse/x/ai-mentor-lab/.venv/lib/python3.13/site-packages/starlette/routing.py", line 714, in __call__
    await self.middleware_stack(scope, receive, send)
  File "/Users/jesse/x/ai-mentor-lab/.venv/lib/python3.13/site-packages/starlette/routing.py", line 734, in app
    await route.handle(scope, receive, send)
  File "/Users/jesse/x/ai-mentor-lab/.venv/lib/python3.13/site-packages/starlette/routing.py", line 288, in handle
    await self.app(scope, receive, send)
  File "/Users/jesse/x/ai-mentor-lab/.venv/lib/python3.13/site-packages/starlette/routing.py", line 76, in app
    await wrap_app_handling_exceptions(app, request)(scope, receive, send)
  File "/Users/jesse/x/ai-mentor-lab/.venv/lib/python3.13/site-packages/starlette/_exception_handler.py", line 53, in wrapped_app
    raise exc
  File "/Users/jesse/x/ai-mentor-lab/.venv/lib/python3.13/site-packages/starlette/_exception_handler.py", line 42, in wrapped_app
    await app(scope, receive, sender)
  File "/Users/jesse/x/ai-mentor-lab/.venv/lib/python3.13/site-packages/starlette/routing.py", line 73, in app
    response = await f(request)
               ^^^^^^^^^^^^^^^^
  File "/Users/jesse/x/ai-mentor-lab/.venv/lib/python3.13/site-packages/fastapi/routing.py", line 301, in app
    raw_response = await run_endpoint_function(
                   ^^^^^^^^^^^^^^^^^^^^^^^^^^^^
    ...<3 lines>...
    )
    ^
  File "/Users/jesse/x/ai-mentor-lab/.venv/lib/python3.13/site-packages/fastapi/routing.py", line 212, in run_endpoint_function
    return await dependant.call(**values)
           ^^^^^^^^^^^^^^^^^^^^^^^^^^^^^^
  File "/Users/jesse/x/ai-mentor-lab/.venv/lib/python3.13/site-packages/chromadb/telemetry/opentelemetry/__init__.py", line 134, in async_wrapper
    return await f(*args, **kwargs)
           ^^^^^^^^^^^^^^^^^^^^^^^^
  File "/Users/jesse/x/ai-mentor-lab/.venv/lib/python3.13/site-packages/chromadb/server/fastapi/__init__.py", line 92, in wrapper
    return await self._async_rate_limit_enforcer.rate_limit(func)(*args, **kwargs)
           ^^^^^^^^^^^^^^^^^^^^^^^^^^^^^^^^^^^^^^^^^^^^^^^^^^^^^^^^^^^^^^^^^^^^^^^
  File "/Users/jesse/x/ai-mentor-lab/.venv/lib/python3.13/site-packages/chromadb/rate_limit/simple_rate_limit/__init__.py", line 41, in wrapper
    return await func(*args, **kwargs)
           ^^^^^^^^^^^^^^^^^^^^^^^^^^^
  File "/Users/jesse/x/ai-mentor-lab/.venv/lib/python3.13/site-packages/chromadb/server/fastapi/__init__.py", line 1590, in list_collections_v1
    (
    ^
    ...<2 lines>...
    ) = await self.auth_and_get_tenant_and_database_for_request(
    ^
TypeError: cannot unpack non-iterable coroutine object
[32mINFO[0m:     [01-03-2025 21:59:59] 127.0.0.1:56485 - "OPTIONS /api/v1/version HTTP/1.1" 400
[32mINFO[0m:     [01-03-2025 21:59:59] 127.0.0.1:56486 - "GET /api/v1/version HTTP/1.1" 200
[32mINFO[0m:     [01-03-2025 22:00:00] 127.0.0.1:56485 - "OPTIONS /api/v1/version HTTP/1.1" 400
[32mINFO[0m:     [01-03-2025 22:00:00] 127.0.0.1:56486 - "GET /api/v1/version HTTP/1.1" 200
[32mINFO[0m:     [01-03-2025 22:00:02] 127.0.0.1:56485 - "OPTIONS /api/v1/version HTTP/1.1" 400
[32mINFO[0m:     [01-03-2025 22:00:02] 127.0.0.1:56486 - "GET /api/v1/version HTTP/1.1" 200
[32mINFO[0m:     [01-03-2025 22:00:06] 127.0.0.1:56485 - "OPTIONS /api/v1/version HTTP/1.1" 400
[32mINFO[0m:     [01-03-2025 22:00:06] 127.0.0.1:56486 - "GET /api/v1/version HTTP/1.1" 200
[32mINFO[0m:     [01-03-2025 22:00:34] ::1:56497 - "OPTIONS /api/v1/version HTTP/1.1" 400
[32mINFO[0m:     [01-03-2025 22:00:34] ::1:56498 - "GET /api/v1/version HTTP/1.1" 200
[32mINFO[0m:     [01-03-2025 22:00:35] ::1:56497 - "OPTIONS /api/v1/version HTTP/1.1" 400
[32mINFO[0m:     [01-03-2025 22:00:35] ::1:56498 - "GET /api/v1/version HTTP/1.1" 200
[32mINFO[0m:     [01-03-2025 22:00:37] ::1:56497 - "OPTIONS /api/v1/version HTTP/1.1" 400
[32mINFO[0m:     [01-03-2025 22:00:37] ::1:56498 - "GET /api/v1/version HTTP/1.1" 200
[32mINFO[0m:     [01-03-2025 22:00:41] ::1:56497 - "OPTIONS /api/v1/version HTTP/1.1" 400
[32mINFO[0m:     [01-03-2025 22:00:41] ::1:56498 - "GET /api/v1/version HTTP/1.1" 200
[32mINFO[0m:     [01-03-2025 22:02:09] ::1:56525 - "GET /api/v1/heartbeat HTTP/1.1" 200
[32mINFO[0m:     [01-03-2025 22:02:30] ::1:56528 - "GET /api/v1/collections HTTP/1.1" 400
[31mERROR[0m:    [01-03-2025 22:02:30] Exception in ASGI application
Traceback (most recent call last):
  File "/Users/jesse/x/ai-mentor-lab/.venv/lib/python3.13/site-packages/anyio/streams/memory.py", line 111, in receive
    return self.receive_nowait()
           ~~~~~~~~~~~~~~~~~~~^^
  File "/Users/jesse/x/ai-mentor-lab/.venv/lib/python3.13/site-packages/anyio/streams/memory.py", line 106, in receive_nowait
    raise WouldBlock
anyio.WouldBlock

During handling of the above exception, another exception occurred:

Traceback (most recent call last):
  File "/Users/jesse/x/ai-mentor-lab/.venv/lib/python3.13/site-packages/anyio/streams/memory.py", line 124, in receive
    return receiver.item
           ^^^^^^^^^^^^^
AttributeError: 'MemoryObjectItemReceiver' object has no attribute 'item'

During handling of the above exception, another exception occurred:

Traceback (most recent call last):
  File "/Users/jesse/x/ai-mentor-lab/.venv/lib/python3.13/site-packages/starlette/middleware/base.py", line 147, in call_next
    message = await recv_stream.receive()
              ^^^^^^^^^^^^^^^^^^^^^^^^^^^
  File "/Users/jesse/x/ai-mentor-lab/.venv/lib/python3.13/site-packages/anyio/streams/memory.py", line 126, in receive
    raise EndOfStream
anyio.EndOfStream

During handling of the above exception, another exception occurred:

Traceback (most recent call last):
  File "/Users/jesse/x/ai-mentor-lab/.venv/lib/python3.13/site-packages/uvicorn/protocols/http/httptools_impl.py", line 409, in run_asgi
    result = await app(  # type: ignore[func-returns-value]
             ^^^^^^^^^^^^^^^^^^^^^^^^^^^^^^^^^^^^^^^^^^^^^^
        self.scope, self.receive, self.send
        ^^^^^^^^^^^^^^^^^^^^^^^^^^^^^^^^^^^
    )
    ^
  File "/Users/jesse/x/ai-mentor-lab/.venv/lib/python3.13/site-packages/uvicorn/middleware/proxy_headers.py", line 60, in __call__
    return await self.app(scope, receive, send)
           ^^^^^^^^^^^^^^^^^^^^^^^^^^^^^^^^^^^^
  File "/Users/jesse/x/ai-mentor-lab/.venv/lib/python3.13/site-packages/fastapi/applications.py", line 1054, in __call__
    await super().__call__(scope, receive, send)
  File "/Users/jesse/x/ai-mentor-lab/.venv/lib/python3.13/site-packages/starlette/applications.py", line 112, in __call__
    await self.middleware_stack(scope, receive, send)
  File "/Users/jesse/x/ai-mentor-lab/.venv/lib/python3.13/site-packages/starlette/middleware/errors.py", line 187, in __call__
    raise exc
  File "/Users/jesse/x/ai-mentor-lab/.venv/lib/python3.13/site-packages/starlette/middleware/errors.py", line 165, in __call__
    await self.app(scope, receive, _send)
  File "/Users/jesse/x/ai-mentor-lab/.venv/lib/python3.13/site-packages/opentelemetry/instrumentation/asgi/__init__.py", line 743, in __call__
    await self.app(scope, otel_receive, otel_send)
  File "/Users/jesse/x/ai-mentor-lab/.venv/lib/python3.13/site-packages/starlette/middleware/cors.py", line 85, in __call__
    await self.app(scope, receive, send)
  File "/Users/jesse/x/ai-mentor-lab/.venv/lib/python3.13/site-packages/starlette/middleware/base.py", line 181, in __call__
    raise app_exc
  File "/Users/jesse/x/ai-mentor-lab/.venv/lib/python3.13/site-packages/starlette/middleware/base.py", line 140, in coro
    await self.app(scope, receive_or_disconnect, send_no_error)
  File "/Users/jesse/x/ai-mentor-lab/.venv/lib/python3.13/site-packages/starlette/middleware/base.py", line 181, in __call__
    raise app_exc
  File "/Users/jesse/x/ai-mentor-lab/.venv/lib/python3.13/site-packages/chromadb/server/fastapi/__init__.py", line 120, in catch_exceptions_middleware
    return await call_next(request)
           ^^^^^^^^^^^^^^^^^^^^^^^^
  File "/Users/jesse/x/ai-mentor-lab/.venv/lib/python3.13/site-packages/starlette/middleware/base.py", line 153, in call_next
    raise app_exc
  File "/Users/jesse/x/ai-mentor-lab/.venv/lib/python3.13/site-packages/starlette/middleware/base.py", line 140, in coro
    await self.app(scope, receive_or_disconnect, send_no_error)
  File "/Users/jesse/x/ai-mentor-lab/.venv/lib/python3.13/site-packages/starlette/middleware/base.py", line 173, in __call__
    with recv_stream, send_stream, collapse_excgroups():
                                   ~~~~~~~~~~~~~~~~~~^^
  File "/opt/homebrew/Cellar/python@3.13/3.13.1/Frameworks/Python.framework/Versions/3.13/lib/python3.13/contextlib.py", line 162, in __exit__
    self.gen.throw(value)
    ~~~~~~~~~~~~~~^^^^^^^
  File "/Users/jesse/x/ai-mentor-lab/.venv/lib/python3.13/site-packages/starlette/_utils.py", line 82, in collapse_excgroups
    raise exc
  File "/Users/jesse/x/ai-mentor-lab/.venv/lib/python3.13/site-packages/starlette/middleware/base.py", line 175, in __call__
    response = await self.dispatch_func(request, call_next)
               ^^^^^^^^^^^^^^^^^^^^^^^^^^^^^^^^^^^^^^^^^^^^
  File "/Users/jesse/x/ai-mentor-lab/.venv/lib/python3.13/site-packages/chromadb/server/fastapi/__init__.py", line 144, in check_http_version_middleware
    return await call_next(request)
           ^^^^^^^^^^^^^^^^^^^^^^^^
  File "/Users/jesse/x/ai-mentor-lab/.venv/lib/python3.13/site-packages/starlette/middleware/base.py", line 153, in call_next
    raise app_exc
  File "/Users/jesse/x/ai-mentor-lab/.venv/lib/python3.13/site-packages/starlette/middleware/base.py", line 140, in coro
    await self.app(scope, receive_or_disconnect, send_no_error)
  File "/Users/jesse/x/ai-mentor-lab/.venv/lib/python3.13/site-packages/starlette/middleware/exceptions.py", line 62, in __call__
    await wrap_app_handling_exceptions(self.app, conn)(scope, receive, send)
  File "/Users/jesse/x/ai-mentor-lab/.venv/lib/python3.13/site-packages/starlette/_exception_handler.py", line 53, in wrapped_app
    raise exc
  File "/Users/jesse/x/ai-mentor-lab/.venv/lib/python3.13/site-packages/starlette/_exception_handler.py", line 42, in wrapped_app
    await app(scope, receive, sender)
  File "/Users/jesse/x/ai-mentor-lab/.venv/lib/python3.13/site-packages/starlette/routing.py", line 714, in __call__
    await self.middleware_stack(scope, receive, send)
  File "/Users/jesse/x/ai-mentor-lab/.venv/lib/python3.13/site-packages/starlette/routing.py", line 734, in app
    await route.handle(scope, receive, send)
  File "/Users/jesse/x/ai-mentor-lab/.venv/lib/python3.13/site-packages/starlette/routing.py", line 288, in handle
    await self.app(scope, receive, send)
  File "/Users/jesse/x/ai-mentor-lab/.venv/lib/python3.13/site-packages/starlette/routing.py", line 76, in app
    await wrap_app_handling_exceptions(app, request)(scope, receive, send)
  File "/Users/jesse/x/ai-mentor-lab/.venv/lib/python3.13/site-packages/starlette/_exception_handler.py", line 53, in wrapped_app
    raise exc
  File "/Users/jesse/x/ai-mentor-lab/.venv/lib/python3.13/site-packages/starlette/_exception_handler.py", line 42, in wrapped_app
    await app(scope, receive, sender)
  File "/Users/jesse/x/ai-mentor-lab/.venv/lib/python3.13/site-packages/starlette/routing.py", line 73, in app
    response = await f(request)
               ^^^^^^^^^^^^^^^^
  File "/Users/jesse/x/ai-mentor-lab/.venv/lib/python3.13/site-packages/fastapi/routing.py", line 301, in app
    raw_response = await run_endpoint_function(
                   ^^^^^^^^^^^^^^^^^^^^^^^^^^^^
    ...<3 lines>...
    )
    ^
  File "/Users/jesse/x/ai-mentor-lab/.venv/lib/python3.13/site-packages/fastapi/routing.py", line 212, in run_endpoint_function
    return await dependant.call(**values)
           ^^^^^^^^^^^^^^^^^^^^^^^^^^^^^^
  File "/Users/jesse/x/ai-mentor-lab/.venv/lib/python3.13/site-packages/chromadb/telemetry/opentelemetry/__init__.py", line 134, in async_wrapper
    return await f(*args, **kwargs)
           ^^^^^^^^^^^^^^^^^^^^^^^^
  File "/Users/jesse/x/ai-mentor-lab/.venv/lib/python3.13/site-packages/chromadb/server/fastapi/__init__.py", line 92, in wrapper
    return await self._async_rate_limit_enforcer.rate_limit(func)(*args, **kwargs)
           ^^^^^^^^^^^^^^^^^^^^^^^^^^^^^^^^^^^^^^^^^^^^^^^^^^^^^^^^^^^^^^^^^^^^^^^
  File "/Users/jesse/x/ai-mentor-lab/.venv/lib/python3.13/site-packages/chromadb/rate_limit/simple_rate_limit/__init__.py", line 41, in wrapper
    return await func(*args, **kwargs)
           ^^^^^^^^^^^^^^^^^^^^^^^^^^^
  File "/Users/jesse/x/ai-mentor-lab/.venv/lib/python3.13/site-packages/chromadb/server/fastapi/__init__.py", line 1590, in list_collections_v1
    (
    ^
    ...<2 lines>...
    ) = await self.auth_and_get_tenant_and_database_for_request(
    ^
TypeError: cannot unpack non-iterable coroutine object
[32mINFO[0m:     [01-03-2025 22:03:07] ::1:56538 - "GET /api/v2/auth/identity HTTP/1.1" 200
[32mINFO[0m:     [01-03-2025 22:03:07] ::1:56539 - "GET /api/v2/tenants/default_tenant HTTP/1.1" 200
[32mINFO[0m:     [01-03-2025 22:03:07] ::1:56539 - "GET /api/v2/tenants/default_tenant/databases/default_database HTTP/1.1" 200
[32mINFO[0m:     [01-03-2025 22:03:07] ::1:56538 - "GET /api/v2/heartbeat HTTP/1.1" 200
[32mINFO[0m:     [01-03-2025 22:03:07] ::1:56538 - "GET /api/v2/tenants/default_tenant/databases/default_database/collections HTTP/1.1" 200
[32mINFO[0m:     [01-03-2025 22:03:26] ::1:56546 - "GET /api/v2/auth/identity HTTP/1.1" 200
[32mINFO[0m:     [01-03-2025 22:03:26] ::1:56547 - "GET /api/v2/tenants/default_tenant HTTP/1.1" 200
[32mINFO[0m:     [01-03-2025 22:03:26] ::1:56547 - "GET /api/v2/tenants/default_tenant/databases/default_database HTTP/1.1" 200
[32mINFO[0m:     [01-03-2025 22:03:26] ::1:56546 - "POST /api/v2/tenants/default_tenant/databases/default_database/collections HTTP/1.1" 200
[32mINFO[0m:     [01-03-2025 22:04:55] ::1:56563 - "GET /api/v2/pre-flight-checks HTTP/1.1" 200
[36mDEBUG[0m:    [01-03-2025 22:04:55] Starting component PersistentLocalHnswSegment
[32mINFO[0m:     [01-03-2025 22:04:55] ::1:56563 - "POST /api/v2/tenants/default_tenant/databases/default_database/collections/ac7ca9cd-251f-49f4-9b1f-dae0cf532933/add HTTP/1.1" 201
[32mINFO[0m:     [01-03-2025 22:04:55] ::1:56563 - "POST /api/v2/tenants/default_tenant/databases/default_database/collections/ac7ca9cd-251f-49f4-9b1f-dae0cf532933/query HTTP/1.1" 200
[32mINFO[0m:     [01-03-2025 22:04:55] ::1:56563 - "GET /api/v2/tenants/default_tenant/databases/default_database/collections HTTP/1.1" 200
[32mINFO[0m:     [01-03-2025 22:06:35] ::1:56599 - "OPTIONS /api/v1/heartbeat HTTP/1.1" 400
[32mINFO[0m:     [01-03-2025 22:06:35] ::1:56600 - "GET /api/v1/heartbeat HTTP/1.1" 200
[33mWARNING[0m:  [01-03-2025 22:07:03] chroma_server_nofile is set to 65535, but this is less than current soft limit of 1048575. chroma_server_nofile will not be set.
[32mINFO[0m:     [01-03-2025 22:07:03] Anonymized telemetry enabled. See                     https://docs.trychroma.com/telemetry for more information.
[36mDEBUG[0m:    [01-03-2025 22:07:03] Starting component System
[36mDEBUG[0m:    [01-03-2025 22:07:03] Starting component OpenTelemetryClient
[36mDEBUG[0m:    [01-03-2025 22:07:03] Starting component SqliteDB
[33mWARNING[0m:  [01-03-2025 22:07:03] ⚠️ It looks like you upgraded from a version below 0.5.6 and could benefit from vacuuming your database. Run chromadb utils vacuum --help for more information.
[36mDEBUG[0m:    [01-03-2025 22:07:03] Starting component SimpleQuotaEnforcer
[36mDEBUG[0m:    [01-03-2025 22:07:03] Starting component Posthog
[36mDEBUG[0m:    [01-03-2025 22:07:03] Starting component SimpleRateLimitEnforcer
[36mDEBUG[0m:    [01-03-2025 22:07:03] Starting component LocalSegmentManager
[36mDEBUG[0m:    [01-03-2025 22:07:03] Starting component LocalExecutor
[36mDEBUG[0m:    [01-03-2025 22:07:03] Starting component SegmentAPI
[36mDEBUG[0m:    [01-03-2025 22:07:03] Starting component SimpleAsyncRateLimitEnforcer
[32mINFO[0m:     [01-03-2025 22:07:03] Started server process [[36m33778[0m]
[32mINFO[0m:     [01-03-2025 22:07:03] Waiting for application startup.
[32mINFO[0m:     [01-03-2025 22:07:03] Application startup complete.
[32mINFO[0m:     [01-03-2025 22:07:03] Uvicorn running on [1mhttp://localhost:8000[0m (Press CTRL+C to quit)
[32mINFO[0m:     [01-03-2025 22:07:35] ::1:56616 - "OPTIONS /api/v1/heartbeat HTTP/1.1" 400
[32mINFO[0m:     [01-03-2025 22:07:35] ::1:56617 - "GET /api/v1/heartbeat HTTP/1.1" 200
[33mWARNING[0m:  [01-03-2025 22:11:31] chroma_server_nofile is set to 65535, but this is less than current soft limit of 1048575. chroma_server_nofile will not be set.
[32mINFO[0m:     [01-03-2025 22:11:32] Anonymized telemetry enabled. See                     https://docs.trychroma.com/telemetry for more information.
[36mDEBUG[0m:    [01-03-2025 22:11:32] Starting component System
[36mDEBUG[0m:    [01-03-2025 22:11:32] Starting component OpenTelemetryClient
[36mDEBUG[0m:    [01-03-2025 22:11:32] Starting component SqliteDB
[33mWARNING[0m:  [01-03-2025 22:11:32] ⚠️ It looks like you upgraded from a version below 0.5.6 and could benefit from vacuuming your database. Run chromadb utils vacuum --help for more information.
[36mDEBUG[0m:    [01-03-2025 22:11:32] Starting component SimpleQuotaEnforcer
[36mDEBUG[0m:    [01-03-2025 22:11:32] Starting component Posthog
[36mDEBUG[0m:    [01-03-2025 22:11:32] Starting component SimpleRateLimitEnforcer
[36mDEBUG[0m:    [01-03-2025 22:11:32] Starting component LocalSegmentManager
[36mDEBUG[0m:    [01-03-2025 22:11:32] Starting component LocalExecutor
[36mDEBUG[0m:    [01-03-2025 22:11:32] Starting component SegmentAPI
[36mDEBUG[0m:    [01-03-2025 22:11:32] Starting component SimpleAsyncRateLimitEnforcer
[32mINFO[0m:     [01-03-2025 22:11:32] Started server process [[36m34605[0m]
[32mINFO[0m:     [01-03-2025 22:11:32] Waiting for application startup.
[32mINFO[0m:     [01-03-2025 22:11:32] Application startup complete.
[32mINFO[0m:     [01-03-2025 22:11:32] Uvicorn running on [1mhttp://localhost:8000[0m (Press CTRL+C to quit)
[32mINFO[0m:     [01-03-2025 22:11:37] ::1:56650 - "GET / HTTP/1.1" 404
[32mINFO[0m:     [01-03-2025 22:11:37] ::1:56650 - "GET /favicon.ico HTTP/1.1" 404
[32mINFO[0m:     [01-03-2025 22:13:42] ::1:56656 - "GET / HTTP/1.1" 404
[32mINFO[0m:     [01-03-2025 22:13:44] ::1:56657 - "GET /apple-touch-icon-precomposed.png HTTP/1.1" 404
[32mINFO[0m:     [01-03-2025 22:13:44] ::1:56658 - "GET /apple-touch-icon.png HTTP/1.1" 404
[32mINFO[0m:     [01-03-2025 22:13:44] ::1:56659 - "GET /favicon.ico HTTP/1.1" 404
[32mINFO[0m:     [01-03-2025 22:14:33] ::1:56665 - "GET / HTTP/1.1" 404
[32mINFO[0m:     [01-03-2025 22:24:14] Shutting down
[32mINFO[0m:     [01-03-2025 22:24:14] Waiting for application shutdown.
[36mDEBUG[0m:    [01-03-2025 22:24:14] Stopping component System
[36mDEBUG[0m:    [01-03-2025 22:24:14] Stopping component SegmentAPI
[36mDEBUG[0m:    [01-03-2025 22:24:14] Stopping component LocalExecutor
[36mDEBUG[0m:    [01-03-2025 22:24:14] Stopping component LocalSegmentManager
[36mDEBUG[0m:    [01-03-2025 22:24:14] Stopping component SimpleAsyncRateLimitEnforcer
[36mDEBUG[0m:    [01-03-2025 22:24:14] Stopping component SimpleRateLimitEnforcer
[36mDEBUG[0m:    [01-03-2025 22:24:14] Stopping component Posthog
[36mDEBUG[0m:    [01-03-2025 22:24:14] Stopping component SimpleQuotaEnforcer
[36mDEBUG[0m:    [01-03-2025 22:24:14] Stopping component SqliteDB
[36mDEBUG[0m:    [01-03-2025 22:24:14] Stopping component OpenTelemetryClient
[32mINFO[0m:     [01-03-2025 22:24:14] Application shutdown complete.
[32mINFO[0m:     [01-03-2025 22:24:14] Finished server process [[36m34605[0m]
